<?xml version="1.0" encoding="UTF-8"?>
<testng-results skipped="0" failed="0" ignored="0" total="1" passed="1">
  <reporter-output>
  </reporter-output>
  <suite name="inetBankingV1" duration-ms="15072" started-at="2021-08-01T16:00:30Z" finished-at="2021-08-01T16:00:45Z">
    <groups>
    </groups>
    <test name="BankingApp Test" duration-ms="15072" started-at="2021-08-01T16:00:30Z" finished-at="2021-08-01T16:00:45Z">
      <class name="com.inetBanking.testCases.TC_LoginTest_001">
        <test-method status="PASS" signature="setup(java.lang.String)[pri:0, instance:com.inetBanking.testCases.TC_LoginTest_001@548e7350]" name="setup" is-config="true" duration-ms="10621" started-at="2021-08-01T16:00:31Z" finished-at="2021-08-01T16:00:42Z">
          <params>
            <param index="0">
              <value>
                <![CDATA[chrome]]>
              </value>
            </param>
          </params>
          <reporter-output>
          </reporter-output>
        </test-method> <!-- setup -->
        <test-method status="PASS" signature="loginTest()[pri:0, instance:com.inetBanking.testCases.TC_LoginTest_001@548e7350]" name="loginTest" duration-ms="2244" started-at="2021-08-01T16:00:42Z" finished-at="2021-08-01T16:00:44Z">
          <reporter-output>
          </reporter-output>
        </test-method> <!-- loginTest -->
        <test-method status="PASS" signature="tearDown()[pri:0, instance:com.inetBanking.testCases.TC_LoginTest_001@548e7350]" name="tearDown" is-config="true" duration-ms="950" started-at="2021-08-01T16:00:44Z" finished-at="2021-08-01T16:00:45Z">
          <reporter-output>
          </reporter-output>
        </test-method> <!-- tearDown -->
      </class> <!-- com.inetBanking.testCases.TC_LoginTest_001 -->
    </test> <!-- BankingApp Test -->
  </suite> <!-- inetBankingV1 -->
</testng-results>
